<?xml version="1.0" encoding="UTF-8"?>
<testng-results ignored="0" total="2" passed="2" failed="0" skipped="0">
  <reporter-output>
  </reporter-output>
  <suite started-at="2022-08-11T08:24:26 IST" name="Default suite" finished-at="2022-08-11T08:24:38 IST" duration-ms="11545">
    <groups>
    </groups>
    <test started-at="2022-08-11T08:24:26 IST" name="Default test" finished-at="2022-08-11T08:24:38 IST" duration-ms="11545">
      <class name="Tests.LoginAndLogout">
        <test-method is-config="true" signature="launchBrowser()[pri:0, instance:Tests.LoginAndLogout@6221a451]" started-at="2022-08-11T08:23:58 IST" name="launchBrowser" finished-at="2022-08-11T08:24:26 IST" duration-ms="28116" status="PASS">
          <reporter-output>
          </reporter-output>
        </test-method> <!-- launchBrowser -->
        <test-method signature="enterCredentials()[pri:0, instance:Tests.LoginAndLogout@6221a451]" started-at="2022-08-11T08:24:27 IST" name="enterCredentials" finished-at="2022-08-11T08:24:35 IST" duration-ms="8188" status="PASS">
          <reporter-output>
          </reporter-output>
        </test-method> <!-- enterCredentials -->
        <test-method signature="logout()[pri:1, instance:Tests.LoginAndLogout@6221a451]" started-at="2022-08-11T08:24:35 IST" name="logout" finished-at="2022-08-11T08:24:38 IST" duration-ms="2816" status="PASS">
          <reporter-output>
          </reporter-output>
        </test-method> <!-- logout -->
        <test-method is-config="true" signature="closeBrowser()[pri:0, instance:Tests.LoginAndLogout@6221a451]" started-at="2022-08-11T08:24:38 IST" name="closeBrowser" finished-at="2022-08-11T08:24:38 IST" duration-ms="8" status="PASS">
          <reporter-output>
          </reporter-output>
        </test-method> <!-- closeBrowser -->
      </class> <!-- Tests.LoginAndLogout -->
    </test> <!-- Default test -->
  </suite> <!-- Default suite -->
</testng-results>
