<?xml version="1.0" encoding="UTF-8"?>
<!-- Generated by org.testng.reporters.JUnitXMLReporter -->
<testsuite ignored="0" hostname="LAPTOP-3BL16AQ1" failures="0" tests="6" name="Test" time="61.516" errors="0" timestamp="2022-08-02T07:38:26 IST">
  <testcase classname="TestNg.ParallelTesting_Example1" name="clickLogin" time="0.745"/>
  <testcase classname="TestNg.ParallelTesting_Example1" name="enterCredentails" time="0.524"/>
  <testcase classname="TestNg.ParallelTesting_Example2" name="clickLogin" time="1.228"/>
  <testcase classname="TestNg.ParallelTesting_Example2" name="enterCredentails" time="2.254"/>
  <testcase classname="TestNg.TestNgExample" name="launchBrowser" time="19.682"/>
  <testcase classname="TestNg.TestNgExample" name="openURL" time="26.368"/>
</testsuite> <!-- Test -->
